Running wallpaper.sh at Pzt 01 Ara 2025 12:01:50 +03
Running wallpaper.sh at Pzt 01 Ara 2025 12:02:18 +03
Running wallpaper.sh at Pzt 01 Ara 2025 12:03:22 +03
Running wallpaper.sh at Pzt 01 Ara 2025 12:04:07 +03
Running wallpaper.sh at Pzt 01 Ara 2025 12:04:08 +03
Running wallpaper.sh at Pzt 01 Ara 2025 12:04:30 +03
Running wallpaper.sh at Pzt 01 Ara 2025 12:04:32 +03
Running wallpaper.sh at Pzt 01 Ara 2025 12:04:57 +03
Running wallpaper.sh at Pzt 01 Ara 2025 12:05:25 +03
Running wallpaper.sh at Pzt 01 Ara 2025 12:07:35 +03
Running wallpaper.sh at Pzt 01 Ara 2025 12:07:48 +03
Running wallpaper.sh at Pzt 01 Ara 2025 12:09:32 +03
Running wallpaper.sh at Pzt 01 Ara 2025 12:09:45 +03
Running wallpaper.sh at Pzt 01 Ara 2025 12:09:46 +03
Running wallpaper.sh at Pzt 01 Ara 2025 12:09:58 +03
Running wallpaper.sh at Pzt 01 Ara 2025 12:09:59 +03
Running wallpaper.sh at Pzt 01 Ara 2025 12:10:28 +03
Running wallpaper.sh at Pzt 01 Ara 2025 12:13:01 +03
Running wallpaper.sh at Pzt 01 Ara 2025 12:13:03 +03
Running wallpaper.sh at Pzt 01 Ara 2025 12:13:22 +03
Running wallpaper.sh at Çrş 03 Ara 2025 17:22:03 +03
Running wallpaper.sh at Cum 05 Ara 2025 16:07:08 +03
Running wallpaper.sh at Pzt 08 Ara 2025 18:06:02 +03
Running wallpaper.sh at Prş 18 Ara 2025 13:07:00 +03
Running wallpaper.sh at Prş 18 Ara 2025 13:17:37 +03
Running wallpaper.sh at Prş 18 Ara 2025 13:20:50 +03
Running wallpaper.sh at Prş 18 Ara 2025 14:57:12 +03
Running wallpaper.sh at Pzt 22 Ara 2025 10:45:50 +03
Running wallpaper.sh at Sal 23 Ara 2025 11:11:52 +03
Running wallpaper.sh at Pzt 29 Ara 2025 13:17:06 +03
Running wallpaper.sh at Sal 30 Ara 2025 09:10:52 +03
Running wallpaper.sh at Sal 30 Ara 2025 11:52:12 +03
Running wallpaper.sh at Sal 30 Ara 2025 12:51:35 +03
Running wallpaper.sh at Sal 30 Ara 2025 18:22:55 +03
Running wallpaper.sh at Pzt 05 Oca 2026 09:22:36 +03
Running wallpaper.sh at Pzt 05 Oca 2026 11:19:30 +03
Running wallpaper.sh at Pzt 05 Oca 2026 12:51:52 +03
Running wallpaper.sh at Pzt 05 Oca 2026 12:52:37 +03
Running wallpaper.sh at Pzt 05 Oca 2026 13:47:52 +03
Running wallpaper.sh at Pzt 05 Oca 2026 13:49:25 +03
Running wallpaper.sh at Pzt 05 Oca 2026 13:51:31 +03
Running wallpaper.sh at Pzt 05 Oca 2026 13:51:32 +03
Running wallpaper.sh at Pzt 05 Oca 2026 16:36:41 +03
Running wallpaper.sh at Pzt 05 Oca 2026 18:49:06 +03
Running wallpaper.sh at Sal 06 Oca 2026 09:15:59 +03
Running wallpaper.sh at Sal 06 Oca 2026 09:43:08 +03
Running wallpaper.sh at Sal 06 Oca 2026 10:11:11 +03
Running wallpaper.sh at Çrş 07 Oca 2026 09:05:44 +03
Running wallpaper.sh at Çrş 07 Oca 2026 10:12:33 +03
Running wallpaper.sh at Çrş 07 Oca 2026 14:42:20 +03
Running wallpaper.sh at Çrş 07 Oca 2026 14:43:55 +03
Running wallpaper.sh at Çrş 07 Oca 2026 15:14:42 +03
Running wallpaper.sh at Prş 08 Oca 2026 06:26:38 +03
Running wallpaper.sh at Prş 08 Oca 2026 06:27:55 +03
Running wallpaper.sh at Cum 09 Oca 2026 09:52:05 +03
Running wallpaper.sh at Cum 09 Oca 2026 10:43:55 +03
Running wallpaper.sh at Pzt 12 Oca 2026 09:00:13 +03
Running wallpaper.sh at Pzt 12 Oca 2026 10:34:56 +03
Running wallpaper.sh at Sal 13 Oca 2026 09:10:52 +03
Running wallpaper.sh at Sal 13 Oca 2026 09:12:10 +03
Running wallpaper.sh at Sal 13 Oca 2026 09:16:15 +03
Running wallpaper.sh at Sal 13 Oca 2026 09:30:08 +03
Running wallpaper.sh at Sal 13 Oca 2026 10:36:50 +03
Running wallpaper.sh at Sal 13 Oca 2026 11:57:45 +03
Running wallpaper.sh at Sal 13 Oca 2026 11:57:47 +03
Running wallpaper.sh at Sal 13 Oca 2026 11:58:25 +03
feh WARNING: /home/alitokur/Pictures/wallpapers/ping.jpg does not exist - skipping
Running wallpaper.sh at Sal 13 Oca 2026 12:01:47 +03
feh WARNING: /home/alitokur/Pictures/wallpapers/hk.jpg does not exist - skipping
feh WARNING: /home/alitokur/Pictures/wallpapers/hk.jpg does not exist - skipping
feh: No loadable images specified.
See 'man feh' for detailed usage information
Running wallpaper.sh at Sal 13 Oca 2026 12:01:50 +03
feh WARNING: /home/alitokur/Pictures/wallpapers/hk.jpg does not exist - skipping
feh WARNING: /home/alitokur/Pictures/wallpapers/hk.jpg does not exist - skipping
feh: No loadable images specified.
See 'man feh' for detailed usage information
Running wallpaper.sh at Sal 13 Oca 2026 12:02:15 +03
Running wallpaper.sh at Sal 13 Oca 2026 12:02:34 +03
/usr/bin/feh: unrecognized option '--bg-fit'
Running wallpaper.sh at Sal 13 Oca 2026 12:02:37 +03
/usr/bin/feh: unrecognized option '--bg-fit'
Running wallpaper.sh at Sal 13 Oca 2026 12:02:47 +03
Running wallpaper.sh at Sal 13 Oca 2026 12:02:54 +03
Running wallpaper.sh at Sal 13 Oca 2026 12:03:01 +03
/usr/bin/feh: unrecognized option '--bg-zoom'
Running wallpaper.sh at Sal 13 Oca 2026 12:03:05 +03
/usr/bin/feh: unrecognized option '--bg-zoom'
Running wallpaper.sh at Sal 13 Oca 2026 12:03:15 +03
Running wallpaper.sh at Sal 13 Oca 2026 12:03:41 +03
Running wallpaper.sh at Sal 13 Oca 2026 12:03:42 +03
Running wallpaper.sh at Sal 13 Oca 2026 12:03:52 +03
Running wallpaper.sh at Sal 13 Oca 2026 12:03:53 +03
Running wallpaper.sh at Sal 13 Oca 2026 12:03:55 +03
Running wallpaper.sh at Sal 13 Oca 2026 12:03:58 +03
Running wallpaper.sh at Sal 13 Oca 2026 12:03:59 +03
Running wallpaper.sh at Sal 13 Oca 2026 12:03:59 +03
Running wallpaper.sh at Sal 13 Oca 2026 12:03:59 +03
Running wallpaper.sh at Sal 13 Oca 2026 12:03:59 +03
Running wallpaper.sh at Sal 13 Oca 2026 12:04:00 +03
Running wallpaper.sh at Sal 13 Oca 2026 12:04:00 +03
Running wallpaper.sh at Sal 13 Oca 2026 12:04:00 +03
Running wallpaper.sh at Sal 13 Oca 2026 12:04:01 +03
Running wallpaper.sh at Sal 13 Oca 2026 12:08:46 +03
Running wallpaper.sh at Sal 13 Oca 2026 12:10:22 +03
Running wallpaper.sh at Sal 13 Oca 2026 12:10:44 +03
/usr/bin/feh: unrecognized option '--bg-zoom'
Running wallpaper.sh at Sal 13 Oca 2026 12:11:16 +03
Running wallpaper.sh at Sal 13 Oca 2026 12:11:24 +03
Running wallpaper.sh at Sal 13 Oca 2026 12:11:31 +03
Running wallpaper.sh at Sal 13 Oca 2026 12:11:33 +03
Running wallpaper.sh at Sal 13 Oca 2026 12:11:41 +03
Running wallpaper.sh at Sal 13 Oca 2026 12:11:50 +03
Running wallpaper.sh at Sal 13 Oca 2026 12:11:51 +03
Running wallpaper.sh at Sal 13 Oca 2026 12:11:51 +03
Running wallpaper.sh at Sal 13 Oca 2026 12:11:52 +03
Running wallpaper.sh at Sal 13 Oca 2026 12:12:23 +03
Running wallpaper.sh at Sal 13 Oca 2026 12:12:29 +03
Running wallpaper.sh at Sal 13 Oca 2026 12:16:54 +03
Running wallpaper.sh at Sal 13 Oca 2026 12:17:02 +03
Running wallpaper.sh at Sal 13 Oca 2026 12:19:13 +03
Running wallpaper.sh at Sal 13 Oca 2026 12:19:23 +03
Running wallpaper.sh at Sal 13 Oca 2026 12:19:33 +03
Running wallpaper.sh at Sal 13 Oca 2026 12:19:44 +03
Running wallpaper.sh at Sal 13 Oca 2026 12:21:00 +03
Running wallpaper.sh at Sal 13 Oca 2026 12:21:08 +03
Running wallpaper.sh at Sal 13 Oca 2026 12:22:07 +03
Running wallpaper.sh at Sal 13 Oca 2026 12:29:12 +03
Running wallpaper.sh at Sal 13 Oca 2026 12:29:38 +03
Running wallpaper.sh at Sal 13 Oca 2026 14:47:24 +03
Running wallpaper.sh at Sal 13 Oca 2026 14:47:27 +03
Running wallpaper.sh at Sal 13 Oca 2026 14:50:59 +03
Running wallpaper.sh at Çrş 14 Oca 2026 10:12:17 +03
Running wallpaper.sh at Çrş 14 Oca 2026 10:27:19 +03
Running wallpaper.sh at Çrş 14 Oca 2026 14:45:12 +03
Running wallpaper.sh at Çrş 14 Oca 2026 15:35:53 +03
Running wallpaper.sh at Çrş 14 Oca 2026 15:39:37 +03
Running wallpaper.sh at Çrş 14 Oca 2026 17:42:45 +03
Running wallpaper.sh at Çrş 14 Oca 2026 18:21:51 +03
Running wallpaper.sh at Prş 15 Oca 2026 10:47:14 +03
Running wallpaper.sh at Prş 15 Oca 2026 12:42:37 +03
Running wallpaper.sh at Prş 15 Oca 2026 13:57:10 +03
Running wallpaper.sh at Cum 16 Oca 2026 09:22:18 +03
Running wallpaper.sh at Cum 16 Oca 2026 09:41:14 +03
Running wallpaper.sh at Cum 16 Oca 2026 10:06:50 +03
Running wallpaper.sh at Cum 16 Oca 2026 11:33:03 +03
Running wallpaper.sh at Cum 16 Oca 2026 11:50:18 +03
Running wallpaper.sh at Cum 16 Oca 2026 12:35:39 +03
Running wallpaper.sh at Cum 16 Oca 2026 12:40:58 +03
Running wallpaper.sh at Pzt 19 Oca 2026 09:12:07 +03
Running wallpaper.sh at Pzt 19 Oca 2026 10:26:19 +03
Running wallpaper.sh at Pzt 19 Oca 2026 11:05:57 +03
Running wallpaper.sh at Pzt 19 Oca 2026 11:45:42 +03
Running wallpaper.sh at Pzt 19 Oca 2026 15:26:46 +03
