1705323355.371943 client started (147743): version 3.2a, socket /tmp/tmux-1001/default, protocol 8
1705323355.371961 on Linux 6.5.0-14-generic #14~22.04.1-Ubuntu SMP PREEMPT_DYNAMIC Mon Nov 20 18:15:30 UTC 2
1705323355.371965 using libevent 2.1.12-stable (poll); ncurses 6.3
1705323355.371976 flags are 0x10010000
1705323355.371979 socket is /tmp/tmux-1001/default
1705323355.371991 trying connect
1705323355.372058 add peer 0x5643b98718b0: 6 ((nil))
1705323355.372282 sending message 100 to peer 0x5643b98718b0 (4 bytes)
1705323355.372287 sending message 111 to peer 0x5643b98718b0 (8 bytes)
1705323355.372291 sending message 101 to peer 0x5643b98718b0 (14 bytes)
1705323355.372294 sending message 109 to peer 0x5643b98718b0 (4 bytes)
1705323355.372298 sending message 102 to peer 0x5643b98718b0 (11 bytes)
1705323355.372301 sending message 108 to peer 0x5643b98718b0 (28 bytes)
1705323355.372304 sending message 112 to peer 0x5643b98718b0 (70 bytes)
1705323355.372307 sending message 112 to peer 0x5643b98718b0 (5 bytes)
1705323355.372311 sending message 112 to peer 0x5643b98718b0 (5 bytes)
1705323355.372314 sending message 112 to peer 0x5643b98718b0 (6 bytes)
1705323355.372317 sending message 112 to peer 0x5643b98718b0 (6 bytes)
1705323355.372320 sending message 112 to peer 0x5643b98718b0 (11 bytes)
1705323355.372323 sending message 112 to peer 0x5643b98718b0 (10 bytes)
1705323355.372326 sending message 112 to peer 0x5643b98718b0 (13 bytes)
1705323355.372330 sending message 112 to peer 0x5643b98718b0 (13 bytes)
1705323355.372333 sending message 112 to peer 0x5643b98718b0 (18 bytes)
1705323355.372336 sending message 112 to peer 0x5643b98718b0 (11 bytes)
1705323355.372339 sending message 112 to peer 0x5643b98718b0 (10 bytes)
1705323355.372343 sending message 112 to peer 0x5643b98718b0 (15 bytes)
1705323355.372346 sending message 112 to peer 0x5643b98718b0 (21 bytes)
1705323355.372349 sending message 112 to peer 0x5643b98718b0 (13 bytes)
1705323355.372352 sending message 112 to peer 0x5643b98718b0 (7 bytes)
1705323355.372356 sending message 112 to peer 0x5643b98718b0 (13 bytes)
1705323355.372359 sending message 112 to peer 0x5643b98718b0 (7 bytes)
1705323355.372362 sending message 112 to peer 0x5643b98718b0 (13 bytes)
1705323355.372365 sending message 112 to peer 0x5643b98718b0 (9 bytes)
1705323355.372368 sending message 112 to peer 0x5643b98718b0 (21 bytes)
1705323355.372372 sending message 112 to peer 0x5643b98718b0 (13 bytes)
1705323355.372375 sending message 112 to peer 0x5643b98718b0 (8 bytes)
1705323355.372378 sending message 112 to peer 0x5643b98718b0 (12 bytes)
1705323355.372381 sending message 112 to peer 0x5643b98718b0 (13 bytes)
1705323355.372384 sending message 112 to peer 0x5643b98718b0 (9 bytes)
1705323355.372388 sending message 112 to peer 0x5643b98718b0 (9 bytes)
1705323355.372391 sending message 112 to peer 0x5643b98718b0 (12 bytes)
1705323355.372394 sending message 112 to peer 0x5643b98718b0 (8 bytes)
1705323355.372397 sending message 112 to peer 0x5643b98718b0 (8 bytes)
1705323355.372400 sending message 112 to peer 0x5643b98718b0 (7 bytes)
1705323355.372404 sending message 112 to peer 0x5643b98718b0 (7 bytes)
1705323355.372407 sending message 112 to peer 0x5643b98718b0 (9 bytes)
1705323355.372410 sending message 112 to peer 0x5643b98718b0 (13 bytes)
1705323355.372413 sending message 112 to peer 0x5643b98718b0 (6 bytes)
1705323355.372416 sending message 112 to peer 0x5643b98718b0 (9 bytes)
1705323355.372419 sending message 112 to peer 0x5643b98718b0 (15 bytes)
1705323355.372423 sending message 112 to peer 0x5643b98718b0 (13 bytes)
1705323355.372426 sending message 112 to peer 0x5643b98718b0 (12 bytes)
1705323355.372429 sending message 112 to peer 0x5643b98718b0 (8 bytes)
1705323355.372432 sending message 112 to peer 0x5643b98718b0 (14 bytes)
1705323355.372435 sending message 112 to peer 0x5643b98718b0 (11 bytes)
1705323355.372439 sending message 112 to peer 0x5643b98718b0 (9 bytes)
1705323355.372442 sending message 112 to peer 0x5643b98718b0 (10 bytes)
1705323355.372445 sending message 112 to peer 0x5643b98718b0 (10 bytes)
1705323355.372457 sending message 112 to peer 0x5643b98718b0 (10 bytes)
1705323355.372460 sending message 112 to peer 0x5643b98718b0 (10 bytes)
1705323355.372463 sending message 112 to peer 0x5643b98718b0 (11 bytes)
1705323355.372466 sending message 112 to peer 0x5643b98718b0 (12 bytes)
1705323355.372469 sending message 112 to peer 0x5643b98718b0 (12 bytes)
1705323355.372473 sending message 112 to peer 0x5643b98718b0 (12 bytes)
1705323355.372476 sending message 112 to peer 0x5643b98718b0 (12 bytes)
1705323355.372479 sending message 112 to peer 0x5643b98718b0 (12 bytes)
1705323355.372482 sending message 112 to peer 0x5643b98718b0 (11 bytes)
1705323355.372485 sending message 112 to peer 0x5643b98718b0 (11 bytes)
1705323355.372489 sending message 112 to peer 0x5643b98718b0 (12 bytes)
1705323355.372492 sending message 112 to peer 0x5643b98718b0 (12 bytes)
1705323355.372495 sending message 112 to peer 0x5643b98718b0 (12 bytes)
1705323355.372498 sending message 112 to peer 0x5643b98718b0 (12 bytes)
1705323355.372502 sending message 112 to peer 0x5643b98718b0 (12 bytes)
1705323355.372505 sending message 112 to peer 0x5643b98718b0 (10 bytes)
1705323355.372508 sending message 112 to peer 0x5643b98718b0 (12 bytes)
1705323355.372511 sending message 112 to peer 0x5643b98718b0 (13 bytes)
1705323355.372514 sending message 112 to peer 0x5643b98718b0 (13 bytes)
1705323355.372517 sending message 112 to peer 0x5643b98718b0 (13 bytes)
1705323355.372521 sending message 112 to peer 0x5643b98718b0 (13 bytes)
1705323355.372524 sending message 112 to peer 0x5643b98718b0 (13 bytes)
1705323355.372527 sending message 112 to peer 0x5643b98718b0 (8 bytes)
1705323355.372530 sending message 112 to peer 0x5643b98718b0 (11 bytes)
1705323355.372533 sending message 112 to peer 0x5643b98718b0 (11 bytes)
1705323355.372536 sending message 112 to peer 0x5643b98718b0 (11 bytes)
1705323355.372540 sending message 112 to peer 0x5643b98718b0 (12 bytes)
1705323355.372543 sending message 112 to peer 0x5643b98718b0 (12 bytes)
1705323355.372546 sending message 112 to peer 0x5643b98718b0 (12 bytes)
1705323355.372549 sending message 112 to peer 0x5643b98718b0 (12 bytes)
1705323355.372552 sending message 112 to peer 0x5643b98718b0 (13 bytes)
1705323355.372556 sending message 112 to peer 0x5643b98718b0 (13 bytes)
1705323355.372559 sending message 112 to peer 0x5643b98718b0 (13 bytes)
1705323355.372562 sending message 112 to peer 0x5643b98718b0 (8 bytes)
1705323355.372565 sending message 112 to peer 0x5643b98718b0 (13 bytes)
1705323355.372568 sending message 112 to peer 0x5643b98718b0 (13 bytes)
1705323355.372571 sending message 112 to peer 0x5643b98718b0 (13 bytes)
1705323355.372575 sending message 112 to peer 0x5643b98718b0 (13 bytes)
1705323355.372578 sending message 112 to peer 0x5643b98718b0 (13 bytes)
1705323355.372581 sending message 112 to peer 0x5643b98718b0 (12 bytes)
1705323355.372584 sending message 112 to peer 0x5643b98718b0 (12 bytes)
1705323355.372587 sending message 112 to peer 0x5643b98718b0 (12 bytes)
1705323355.372591 sending message 112 to peer 0x5643b98718b0 (12 bytes)
1705323355.372594 sending message 112 to peer 0x5643b98718b0 (13 bytes)
1705323355.372597 sending message 112 to peer 0x5643b98718b0 (8 bytes)
1705323355.372600 sending message 112 to peer 0x5643b98718b0 (13 bytes)
1705323355.372604 sending message 112 to peer 0x5643b98718b0 (13 bytes)
1705323355.372607 sending message 112 to peer 0x5643b98718b0 (13 bytes)
1705323355.372610 sending message 112 to peer 0x5643b98718b0 (13 bytes)
1705323355.372613 sending message 112 to peer 0x5643b98718b0 (13 bytes)
1705323355.372616 sending message 112 to peer 0x5643b98718b0 (13 bytes)
1705323355.372619 sending message 112 to peer 0x5643b98718b0 (13 bytes)
1705323355.372623 sending message 112 to peer 0x5643b98718b0 (12 bytes)
1705323355.372626 sending message 112 to peer 0x5643b98718b0 (12 bytes)
1705323355.372629 sending message 112 to peer 0x5643b98718b0 (12 bytes)
1705323355.372632 sending message 112 to peer 0x5643b98718b0 (8 bytes)
1705323355.372635 sending message 112 to peer 0x5643b98718b0 (12 bytes)
1705323355.372643 sending message 112 to peer 0x5643b98718b0 (13 bytes)
1705323355.372646 sending message 112 to peer 0x5643b98718b0 (13 bytes)
1705323355.372649 sending message 112 to peer 0x5643b98718b0 (13 bytes)
1705323355.372653 sending message 112 to peer 0x5643b98718b0 (13 bytes)
1705323355.372656 sending message 112 to peer 0x5643b98718b0 (13 bytes)
1705323355.372659 sending message 112 to peer 0x5643b98718b0 (13 bytes)
1705323355.372662 sending message 112 to peer 0x5643b98718b0 (13 bytes)
1705323355.372665 sending message 112 to peer 0x5643b98718b0 (13 bytes)
1705323355.372668 sending message 112 to peer 0x5643b98718b0 (12 bytes)
1705323355.372672 sending message 112 to peer 0x5643b98718b0 (10 bytes)
1705323355.372675 sending message 112 to peer 0x5643b98718b0 (12 bytes)
1705323355.372678 sending message 112 to peer 0x5643b98718b0 (12 bytes)
1705323355.372681 sending message 112 to peer 0x5643b98718b0 (12 bytes)
1705323355.372684 sending message 112 to peer 0x5643b98718b0 (13 bytes)
1705323355.372687 sending message 112 to peer 0x5643b98718b0 (13 bytes)
1705323355.372691 sending message 112 to peer 0x5643b98718b0 (13 bytes)
1705323355.372694 sending message 112 to peer 0x5643b98718b0 (13 bytes)
1705323355.372697 sending message 112 to peer 0x5643b98718b0 (13 bytes)
1705323355.372700 sending message 112 to peer 0x5643b98718b0 (13 bytes)
1705323355.372703 sending message 112 to peer 0x5643b98718b0 (13 bytes)
1705323355.372707 sending message 112 to peer 0x5643b98718b0 (10 bytes)
1705323355.372710 sending message 112 to peer 0x5643b98718b0 (13 bytes)
1705323355.372713 sending message 112 to peer 0x5643b98718b0 (12 bytes)
1705323355.372716 sending message 112 to peer 0x5643b98718b0 (12 bytes)
1705323355.372719 sending message 112 to peer 0x5643b98718b0 (12 bytes)
1705323355.372722 sending message 112 to peer 0x5643b98718b0 (10 bytes)
1705323355.372726 sending message 112 to peer 0x5643b98718b0 (10 bytes)
1705323355.372729 sending message 112 to peer 0x5643b98718b0 (10 bytes)
1705323355.372732 sending message 112 to peer 0x5643b98718b0 (12 bytes)
1705323355.372735 sending message 112 to peer 0x5643b98718b0 (13 bytes)
1705323355.372738 sending message 112 to peer 0x5643b98718b0 (13 bytes)
1705323355.372742 sending message 112 to peer 0x5643b98718b0 (13 bytes)
1705323355.372745 sending message 112 to peer 0x5643b98718b0 (13 bytes)
1705323355.372748 sending message 112 to peer 0x5643b98718b0 (13 bytes)
1705323355.372751 sending message 112 to peer 0x5643b98718b0 (11 bytes)
1705323355.372754 sending message 112 to peer 0x5643b98718b0 (11 bytes)
1705323355.372757 sending message 112 to peer 0x5643b98718b0 (12 bytes)
1705323355.372761 sending message 112 to peer 0x5643b98718b0 (12 bytes)
1705323355.372764 sending message 112 to peer 0x5643b98718b0 (12 bytes)
1705323355.372767 sending message 112 to peer 0x5643b98718b0 (12 bytes)
1705323355.372770 sending message 112 to peer 0x5643b98718b0 (12 bytes)
1705323355.372773 sending message 112 to peer 0x5643b98718b0 (11 bytes)
1705323355.372777 sending message 112 to peer 0x5643b98718b0 (12 bytes)
1705323355.372780 sending message 112 to peer 0x5643b98718b0 (12 bytes)
1705323355.372783 sending message 112 to peer 0x5643b98718b0 (13 bytes)
1705323355.372786 sending message 112 to peer 0x5643b98718b0 (13 bytes)
1705323355.372789 sending message 112 to peer 0x5643b98718b0 (13 bytes)
1705323355.372793 sending message 112 to peer 0x5643b98718b0 (13 bytes)
1705323355.372796 sending message 112 to peer 0x5643b98718b0 (13 bytes)
1705323355.372799 sending message 112 to peer 0x5643b98718b0 (10 bytes)
1705323355.372802 sending message 112 to peer 0x5643b98718b0 (9 bytes)
1705323355.372805 sending message 112 to peer 0x5643b98718b0 (12 bytes)
1705323355.372808 sending message 112 to peer 0x5643b98718b0 (13 bytes)
1705323355.372811 sending message 112 to peer 0x5643b98718b0 (13 bytes)
1705323355.372814 sending message 112 to peer 0x5643b98718b0 (13 bytes)
1705323355.372818 sending message 112 to peer 0x5643b98718b0 (13 bytes)
1705323355.372829 sending message 112 to peer 0x5643b98718b0 (13 bytes)
1705323355.372837 sending message 112 to peer 0x5643b98718b0 (9 bytes)
1705323355.372840 sending message 112 to peer 0x5643b98718b0 (12 bytes)
1705323355.372843 sending message 112 to peer 0x5643b98718b0 (13 bytes)
1705323355.372846 sending message 112 to peer 0x5643b98718b0 (13 bytes)
1705323355.372849 sending message 112 to peer 0x5643b98718b0 (13 bytes)
1705323355.372852 sending message 112 to peer 0x5643b98718b0 (13 bytes)
1705323355.372856 sending message 112 to peer 0x5643b98718b0 (13 bytes)
1705323355.372859 sending message 112 to peer 0x5643b98718b0 (11 bytes)
1705323355.372862 sending message 112 to peer 0x5643b98718b0 (12 bytes)
1705323355.372865 sending message 112 to peer 0x5643b98718b0 (13 bytes)
1705323355.372871 sending message 112 to peer 0x5643b98718b0 (13 bytes)
1705323355.372874 sending message 112 to peer 0x5643b98718b0 (13 bytes)
1705323355.372877 sending message 112 to peer 0x5643b98718b0 (13 bytes)
1705323355.372880 sending message 112 to peer 0x5643b98718b0 (13 bytes)
1705323355.372883 sending message 112 to peer 0x5643b98718b0 (11 bytes)
1705323355.372886 sending message 112 to peer 0x5643b98718b0 (12 bytes)
1705323355.372889 sending message 112 to peer 0x5643b98718b0 (12 bytes)
1705323355.372893 sending message 112 to peer 0x5643b98718b0 (12 bytes)
1705323355.372896 sending message 112 to peer 0x5643b98718b0 (12 bytes)
1705323355.372899 sending message 112 to peer 0x5643b98718b0 (12 bytes)
1705323355.372902 sending message 112 to peer 0x5643b98718b0 (21 bytes)
1705323355.372905 sending message 112 to peer 0x5643b98718b0 (12 bytes)
1705323355.372908 sending message 112 to peer 0x5643b98718b0 (9 bytes)
1705323355.372911 sending message 112 to peer 0x5643b98718b0 (6 bytes)
1705323355.372914 sending message 112 to peer 0x5643b98718b0 (8 bytes)
1705323355.372918 sending message 112 to peer 0x5643b98718b0 (15 bytes)
1705323355.372922 sending message 112 to peer 0x5643b98718b0 (13 bytes)
1705323355.372926 sending message 112 to peer 0x5643b98718b0 (9 bytes)
1705323355.372929 sending message 112 to peer 0x5643b98718b0 (70 bytes)
1705323355.372932 sending message 112 to peer 0x5643b98718b0 (69 bytes)
1705323355.372935 sending message 112 to peer 0x5643b98718b0 (10 bytes)
1705323355.372938 sending message 112 to peer 0x5643b98718b0 (10 bytes)
1705323355.372941 sending message 112 to peer 0x5643b98718b0 (8 bytes)
1705323355.372945 sending message 112 to peer 0x5643b98718b0 (15 bytes)
1705323355.372948 sending message 112 to peer 0x5643b98718b0 (13 bytes)
1705323355.372951 sending message 112 to peer 0x5643b98718b0 (10 bytes)
1705323355.372954 sending message 112 to peer 0x5643b98718b0 (10 bytes)
1705323355.372957 sending message 112 to peer 0x5643b98718b0 (17 bytes)
1705323355.372960 sending message 112 to peer 0x5643b98718b0 (10 bytes)
1705323355.372963 sending message 112 to peer 0x5643b98718b0 (13 bytes)
1705323355.372966 sending message 112 to peer 0x5643b98718b0 (9 bytes)
1705323355.372970 sending message 112 to peer 0x5643b98718b0 (5 bytes)
1705323355.372975 sending message 112 to peer 0x5643b98718b0 (15 bytes)
1705323355.372978 sending message 104 to peer 0x5643b98718b0 (0 bytes)
1705323355.372982 sending message 110 to peer 0x5643b98718b0 (0 bytes)
1705323355.372985 sending message 107 to peer 0x5643b98718b0 (4 bytes)
1705323355.372988 sending message 105 to peer 0x5643b98718b0 (20 bytes)
1705323355.372992 sending message 105 to peer 0x5643b98718b0 (54 bytes)
1705323355.372995 sending message 105 to peer 0x5643b98718b0 (51 bytes)
1705323355.372998 sending message 105 to peer 0x5643b98718b0 (23 bytes)
1705323355.373001 sending message 105 to peer 0x5643b98718b0 (11 bytes)
1705323355.373004 sending message 105 to peer 0x5643b98718b0 (75 bytes)
1705323355.373007 sending message 105 to peer 0x5643b98718b0 (12 bytes)
1705323355.373011 sending message 105 to peer 0x5643b98718b0 (18 bytes)
1705323355.373014 sending message 105 to peer 0x5643b98718b0 (44 bytes)
1705323355.373017 sending message 105 to peer 0x5643b98718b0 (32 bytes)
1705323355.373020 sending message 105 to peer 0x5643b98718b0 (86 bytes)
1705323355.373029 sending message 105 to peer 0x5643b98718b0 (30 bytes)
1705323355.373033 sending message 105 to peer 0x5643b98718b0 (52 bytes)
1705323355.373036 sending message 105 to peer 0x5643b98718b0 (28 bytes)
1705323355.373039 sending message 105 to peer 0x5643b98718b0 (20 bytes)
1705323355.373042 sending message 105 to peer 0x5643b98718b0 (18 bytes)
1705323355.373045 sending message 105 to peer 0x5643b98718b0 (17 bytes)
1705323355.373048 sending message 105 to peer 0x5643b98718b0 (23 bytes)
1705323355.373051 sending message 105 to peer 0x5643b98718b0 (30 bytes)
1705323355.373055 sending message 105 to peer 0x5643b98718b0 (27 bytes)
1705323355.373058 sending message 105 to peer 0x5643b98718b0 (24 bytes)
1705323355.373061 sending message 105 to peer 0x5643b98718b0 (20 bytes)
1705323355.373064 sending message 105 to peer 0x5643b98718b0 (23 bytes)
1705323355.373067 sending message 105 to peer 0x5643b98718b0 (21 bytes)
1705323355.373070 sending message 105 to peer 0x5643b98718b0 (25 bytes)
1705323355.373073 sending message 105 to peer 0x5643b98718b0 (20 bytes)
1705323355.373076 sending message 105 to peer 0x5643b98718b0 (8 bytes)
1705323355.373083 sending message 105 to peer 0x5643b98718b0 (17 bytes)
1705323355.373087 sending message 105 to peer 0x5643b98718b0 (32 bytes)
1705323355.373090 sending message 105 to peer 0x5643b98718b0 (1519 bytes)
1705323355.373103 sending message 105 to peer 0x5643b98718b0 (54 bytes)
1705323355.373107 sending message 105 to peer 0x5643b98718b0 (35 bytes)
1705323355.373111 sending message 105 to peer 0x5643b98718b0 (63 bytes)
1705323355.373114 sending message 105 to peer 0x5643b98718b0 (68 bytes)
1705323355.373117 sending message 105 to peer 0x5643b98718b0 (12 bytes)
1705323355.373121 sending message 105 to peer 0x5643b98718b0 (11 bytes)
1705323355.373124 sending message 105 to peer 0x5643b98718b0 (169 bytes)
1705323355.373127 sending message 105 to peer 0x5643b98718b0 (32 bytes)
1705323355.373130 sending message 105 to peer 0x5643b98718b0 (19 bytes)
1705323355.373134 sending message 105 to peer 0x5643b98718b0 (18 bytes)
1705323355.373137 sending message 105 to peer 0x5643b98718b0 (86 bytes)
1705323355.373140 sending message 105 to peer 0x5643b98718b0 (19 bytes)
1705323355.373143 sending message 105 to peer 0x5643b98718b0 (8 bytes)
1705323355.373146 sending message 105 to peer 0x5643b98718b0 (33 bytes)
1705323355.373150 sending message 105 to peer 0x5643b98718b0 (41 bytes)
1705323355.373153 sending message 105 to peer 0x5643b98718b0 (22 bytes)
1705323355.373156 sending message 105 to peer 0x5643b98718b0 (19 bytes)
1705323355.373159 sending message 105 to peer 0x5643b98718b0 (18 bytes)
1705323355.373162 sending message 105 to peer 0x5643b98718b0 (26 bytes)
1705323355.373165 sending message 105 to peer 0x5643b98718b0 (37 bytes)
1705323355.373169 sending message 105 to peer 0x5643b98718b0 (13 bytes)
1705323355.373172 sending message 105 to peer 0x5643b98718b0 (14 bytes)
1705323355.373175 sending message 105 to peer 0x5643b98718b0 (18 bytes)
1705323355.373178 sending message 105 to peer 0x5643b98718b0 (17 bytes)
1705323355.373181 sending message 105 to peer 0x5643b98718b0 (13 bytes)
1705323355.373184 sending message 105 to peer 0x5643b98718b0 (41 bytes)
1705323355.373188 sending message 105 to peer 0x5643b98718b0 (45 bytes)
1705323355.373191 sending message 105 to peer 0x5643b98718b0 (33 bytes)
1705323355.373194 sending message 105 to peer 0x5643b98718b0 (183 bytes)
1705323355.373197 sending message 105 to peer 0x5643b98718b0 (23 bytes)
1705323355.373201 sending message 105 to peer 0x5643b98718b0 (31 bytes)
1705323355.373204 sending message 105 to peer 0x5643b98718b0 (23 bytes)
1705323355.373207 sending message 105 to peer 0x5643b98718b0 (27 bytes)
1705323355.373210 sending message 105 to peer 0x5643b98718b0 (21 bytes)
1705323355.373213 sending message 105 to peer 0x5643b98718b0 (20 bytes)
1705323355.373216 sending message 105 to peer 0x5643b98718b0 (30 bytes)
1705323355.373220 sending message 105 to peer 0x5643b98718b0 (16 bytes)
1705323355.373223 sending message 105 to peer 0x5643b98718b0 (24 bytes)
1705323355.373230 sending message 105 to peer 0x5643b98718b0 (20 bytes)
1705323355.373233 sending message 105 to peer 0x5643b98718b0 (10 bytes)
1705323355.373237 sending message 106 to peer 0x5643b98718b0 (0 bytes)
1705323355.373242 sending message 200 to peer 0x5643b98718b0 (4 bytes)
1705323355.373245 client loop enter
1705323355.373666 peer 0x5643b98718b0 message 303
1705323355.373673 open write file 2 -
1705323355.373680 sending message 305 to peer 0x5643b98718b0 (8 bytes)
1705323355.373687 write check file 2
1705323355.373814 peer 0x5643b98718b0 message 304
1705323355.373818 write 58 to file 2
1705323355.373822 peer 0x5643b98718b0 message 203
1705323355.373825 file 2 58 bytes left
1705323355.373835 write check file 2
1705323355.373838 client loop exit
