1705323363.809509 client started (147781): version 3.2a, socket /tmp/tmux-1001/default, protocol 8
1705323363.809527 on Linux 6.5.0-14-generic #14~22.04.1-Ubuntu SMP PREEMPT_DYNAMIC Mon Nov 20 18:15:30 UTC 2
1705323363.809531 using libevent 2.1.12-stable (poll); ncurses 6.3
1705323363.809544 flags are 0x18010000
1705323363.809547 socket is /tmp/tmux-1001/default
1705323363.809560 trying connect
1705323363.809572 connect failed: Connection refused
1705323363.809580 lock file is /tmp/tmux-1001/default.lock
1705323363.809608 flock succeeded
1705323363.809611 got lock (6)
1705323363.809617 trying connect
1705323363.809625 connect failed: Connection refused
1705323363.809847 add peer 0x562e1cb22a80: 7 ((nil))
1705323363.810135 sending message 100 to peer 0x562e1cb22a80 (4 bytes)
1705323363.810141 sending message 111 to peer 0x562e1cb22a80 (8 bytes)
1705323363.810145 sending message 101 to peer 0x562e1cb22a80 (15 bytes)
1705323363.810148 sending message 109 to peer 0x562e1cb22a80 (4 bytes)
1705323363.810151 sending message 102 to peer 0x562e1cb22a80 (11 bytes)
1705323363.810155 sending message 108 to peer 0x562e1cb22a80 (28 bytes)
1705323363.810158 sending message 112 to peer 0x562e1cb22a80 (58 bytes)
1705323363.810161 sending message 112 to peer 0x562e1cb22a80 (5 bytes)
1705323363.810165 sending message 112 to peer 0x562e1cb22a80 (5 bytes)
1705323363.810168 sending message 112 to peer 0x562e1cb22a80 (6 bytes)
1705323363.810171 sending message 112 to peer 0x562e1cb22a80 (6 bytes)
1705323363.810174 sending message 112 to peer 0x562e1cb22a80 (11 bytes)
1705323363.810178 sending message 112 to peer 0x562e1cb22a80 (10 bytes)
1705323363.810181 sending message 112 to peer 0x562e1cb22a80 (13 bytes)
1705323363.810184 sending message 112 to peer 0x562e1cb22a80 (14 bytes)
1705323363.810187 sending message 112 to peer 0x562e1cb22a80 (19 bytes)
1705323363.810190 sending message 112 to peer 0x562e1cb22a80 (11 bytes)
1705323363.810193 sending message 112 to peer 0x562e1cb22a80 (10 bytes)
1705323363.810197 sending message 112 to peer 0x562e1cb22a80 (15 bytes)
1705323363.810200 sending message 112 to peer 0x562e1cb22a80 (21 bytes)
1705323363.810203 sending message 112 to peer 0x562e1cb22a80 (13 bytes)
1705323363.810206 sending message 112 to peer 0x562e1cb22a80 (7 bytes)
1705323363.810209 sending message 112 to peer 0x562e1cb22a80 (13 bytes)
1705323363.810212 sending message 112 to peer 0x562e1cb22a80 (7 bytes)
1705323363.810215 sending message 112 to peer 0x562e1cb22a80 (13 bytes)
1705323363.810219 sending message 112 to peer 0x562e1cb22a80 (9 bytes)
1705323363.810222 sending message 112 to peer 0x562e1cb22a80 (21 bytes)
1705323363.810225 sending message 112 to peer 0x562e1cb22a80 (13 bytes)
1705323363.810228 sending message 112 to peer 0x562e1cb22a80 (9 bytes)
1705323363.810232 sending message 112 to peer 0x562e1cb22a80 (16 bytes)
1705323363.810235 sending message 112 to peer 0x562e1cb22a80 (13 bytes)
1705323363.810238 sending message 112 to peer 0x562e1cb22a80 (9 bytes)
1705323363.810241 sending message 112 to peer 0x562e1cb22a80 (9 bytes)
1705323363.810244 sending message 112 to peer 0x562e1cb22a80 (12 bytes)
1705323363.810247 sending message 112 to peer 0x562e1cb22a80 (8 bytes)
1705323363.810251 sending message 112 to peer 0x562e1cb22a80 (8 bytes)
1705323363.810254 sending message 112 to peer 0x562e1cb22a80 (13 bytes)
1705323363.810257 sending message 112 to peer 0x562e1cb22a80 (7 bytes)
1705323363.810260 sending message 112 to peer 0x562e1cb22a80 (7 bytes)
1705323363.810263 sending message 112 to peer 0x562e1cb22a80 (9 bytes)
1705323363.810266 sending message 112 to peer 0x562e1cb22a80 (9 bytes)
1705323363.810270 sending message 112 to peer 0x562e1cb22a80 (15 bytes)
1705323363.810273 sending message 112 to peer 0x562e1cb22a80 (13 bytes)
1705323363.810276 sending message 112 to peer 0x562e1cb22a80 (12 bytes)
1705323363.810279 sending message 112 to peer 0x562e1cb22a80 (8 bytes)
1705323363.810282 sending message 112 to peer 0x562e1cb22a80 (14 bytes)
1705323363.810285 sending message 112 to peer 0x562e1cb22a80 (11 bytes)
1705323363.810288 sending message 112 to peer 0x562e1cb22a80 (9 bytes)
1705323363.810298 sending message 112 to peer 0x562e1cb22a80 (10 bytes)
1705323363.810302 sending message 112 to peer 0x562e1cb22a80 (10 bytes)
1705323363.810305 sending message 112 to peer 0x562e1cb22a80 (10 bytes)
1705323363.810308 sending message 112 to peer 0x562e1cb22a80 (10 bytes)
1705323363.810311 sending message 112 to peer 0x562e1cb22a80 (11 bytes)
1705323363.810315 sending message 112 to peer 0x562e1cb22a80 (12 bytes)
1705323363.810318 sending message 112 to peer 0x562e1cb22a80 (12 bytes)
1705323363.810321 sending message 112 to peer 0x562e1cb22a80 (12 bytes)
1705323363.810324 sending message 112 to peer 0x562e1cb22a80 (12 bytes)
1705323363.810327 sending message 112 to peer 0x562e1cb22a80 (12 bytes)
1705323363.810330 sending message 112 to peer 0x562e1cb22a80 (11 bytes)
1705323363.810334 sending message 112 to peer 0x562e1cb22a80 (11 bytes)
1705323363.810337 sending message 112 to peer 0x562e1cb22a80 (12 bytes)
1705323363.810340 sending message 112 to peer 0x562e1cb22a80 (12 bytes)
1705323363.810343 sending message 112 to peer 0x562e1cb22a80 (12 bytes)
1705323363.810346 sending message 112 to peer 0x562e1cb22a80 (12 bytes)
1705323363.810349 sending message 112 to peer 0x562e1cb22a80 (12 bytes)
1705323363.810353 sending message 112 to peer 0x562e1cb22a80 (9 bytes)
1705323363.810356 sending message 112 to peer 0x562e1cb22a80 (12 bytes)
1705323363.810359 sending message 112 to peer 0x562e1cb22a80 (13 bytes)
1705323363.810362 sending message 112 to peer 0x562e1cb22a80 (13 bytes)
1705323363.810365 sending message 112 to peer 0x562e1cb22a80 (13 bytes)
1705323363.810369 sending message 112 to peer 0x562e1cb22a80 (13 bytes)
1705323363.810372 sending message 112 to peer 0x562e1cb22a80 (13 bytes)
1705323363.810375 sending message 112 to peer 0x562e1cb22a80 (8 bytes)
1705323363.810378 sending message 112 to peer 0x562e1cb22a80 (11 bytes)
1705323363.810381 sending message 112 to peer 0x562e1cb22a80 (11 bytes)
1705323363.810384 sending message 112 to peer 0x562e1cb22a80 (11 bytes)
1705323363.810388 sending message 112 to peer 0x562e1cb22a80 (12 bytes)
1705323363.810391 sending message 112 to peer 0x562e1cb22a80 (12 bytes)
1705323363.810394 sending message 112 to peer 0x562e1cb22a80 (12 bytes)
1705323363.810397 sending message 112 to peer 0x562e1cb22a80 (12 bytes)
1705323363.810400 sending message 112 to peer 0x562e1cb22a80 (13 bytes)
1705323363.810403 sending message 112 to peer 0x562e1cb22a80 (13 bytes)
1705323363.810407 sending message 112 to peer 0x562e1cb22a80 (13 bytes)
1705323363.810410 sending message 112 to peer 0x562e1cb22a80 (8 bytes)
1705323363.810413 sending message 112 to peer 0x562e1cb22a80 (13 bytes)
1705323363.810416 sending message 112 to peer 0x562e1cb22a80 (13 bytes)
1705323363.810419 sending message 112 to peer 0x562e1cb22a80 (13 bytes)
1705323363.810423 sending message 112 to peer 0x562e1cb22a80 (13 bytes)
1705323363.810426 sending message 112 to peer 0x562e1cb22a80 (13 bytes)
1705323363.810429 sending message 112 to peer 0x562e1cb22a80 (12 bytes)
1705323363.810432 sending message 112 to peer 0x562e1cb22a80 (12 bytes)
1705323363.810435 sending message 112 to peer 0x562e1cb22a80 (12 bytes)
1705323363.810438 sending message 112 to peer 0x562e1cb22a80 (12 bytes)
1705323363.810442 sending message 112 to peer 0x562e1cb22a80 (13 bytes)
1705323363.810445 sending message 112 to peer 0x562e1cb22a80 (8 bytes)
1705323363.810448 sending message 112 to peer 0x562e1cb22a80 (13 bytes)
1705323363.810451 sending message 112 to peer 0x562e1cb22a80 (13 bytes)
1705323363.810454 sending message 112 to peer 0x562e1cb22a80 (13 bytes)
1705323363.810457 sending message 112 to peer 0x562e1cb22a80 (13 bytes)
1705323363.810461 sending message 112 to peer 0x562e1cb22a80 (13 bytes)
1705323363.810464 sending message 112 to peer 0x562e1cb22a80 (13 bytes)
1705323363.810467 sending message 112 to peer 0x562e1cb22a80 (13 bytes)
1705323363.810470 sending message 112 to peer 0x562e1cb22a80 (12 bytes)
1705323363.810473 sending message 112 to peer 0x562e1cb22a80 (12 bytes)
1705323363.810476 sending message 112 to peer 0x562e1cb22a80 (12 bytes)
1705323363.810484 sending message 112 to peer 0x562e1cb22a80 (8 bytes)
1705323363.810487 sending message 112 to peer 0x562e1cb22a80 (12 bytes)
1705323363.810490 sending message 112 to peer 0x562e1cb22a80 (13 bytes)
1705323363.810493 sending message 112 to peer 0x562e1cb22a80 (13 bytes)
1705323363.810497 sending message 112 to peer 0x562e1cb22a80 (13 bytes)
1705323363.810500 sending message 112 to peer 0x562e1cb22a80 (13 bytes)
1705323363.810503 sending message 112 to peer 0x562e1cb22a80 (13 bytes)
1705323363.810506 sending message 112 to peer 0x562e1cb22a80 (13 bytes)
1705323363.810509 sending message 112 to peer 0x562e1cb22a80 (13 bytes)
1705323363.810512 sending message 112 to peer 0x562e1cb22a80 (13 bytes)
1705323363.810516 sending message 112 to peer 0x562e1cb22a80 (12 bytes)
1705323363.810519 sending message 112 to peer 0x562e1cb22a80 (10 bytes)
1705323363.810522 sending message 112 to peer 0x562e1cb22a80 (12 bytes)
1705323363.810525 sending message 112 to peer 0x562e1cb22a80 (12 bytes)
1705323363.810528 sending message 112 to peer 0x562e1cb22a80 (12 bytes)
1705323363.810531 sending message 112 to peer 0x562e1cb22a80 (13 bytes)
1705323363.810535 sending message 112 to peer 0x562e1cb22a80 (13 bytes)
1705323363.810538 sending message 112 to peer 0x562e1cb22a80 (13 bytes)
1705323363.810541 sending message 112 to peer 0x562e1cb22a80 (13 bytes)
1705323363.810544 sending message 112 to peer 0x562e1cb22a80 (13 bytes)
1705323363.810547 sending message 112 to peer 0x562e1cb22a80 (13 bytes)
1705323363.810550 sending message 112 to peer 0x562e1cb22a80 (13 bytes)
1705323363.810554 sending message 112 to peer 0x562e1cb22a80 (10 bytes)
1705323363.810557 sending message 112 to peer 0x562e1cb22a80 (13 bytes)
1705323363.810560 sending message 112 to peer 0x562e1cb22a80 (12 bytes)
1705323363.810563 sending message 112 to peer 0x562e1cb22a80 (12 bytes)
1705323363.810566 sending message 112 to peer 0x562e1cb22a80 (12 bytes)
1705323363.810569 sending message 112 to peer 0x562e1cb22a80 (10 bytes)
1705323363.810573 sending message 112 to peer 0x562e1cb22a80 (10 bytes)
1705323363.810576 sending message 112 to peer 0x562e1cb22a80 (10 bytes)
1705323363.810579 sending message 112 to peer 0x562e1cb22a80 (12 bytes)
1705323363.810582 sending message 112 to peer 0x562e1cb22a80 (13 bytes)
1705323363.810585 sending message 112 to peer 0x562e1cb22a80 (13 bytes)
1705323363.810588 sending message 112 to peer 0x562e1cb22a80 (13 bytes)
1705323363.810591 sending message 112 to peer 0x562e1cb22a80 (13 bytes)
1705323363.810595 sending message 112 to peer 0x562e1cb22a80 (13 bytes)
1705323363.810598 sending message 112 to peer 0x562e1cb22a80 (10 bytes)
1705323363.810601 sending message 112 to peer 0x562e1cb22a80 (11 bytes)
1705323363.810604 sending message 112 to peer 0x562e1cb22a80 (12 bytes)
1705323363.810607 sending message 112 to peer 0x562e1cb22a80 (12 bytes)
1705323363.810610 sending message 112 to peer 0x562e1cb22a80 (12 bytes)
1705323363.810613 sending message 112 to peer 0x562e1cb22a80 (12 bytes)
1705323363.810617 sending message 112 to peer 0x562e1cb22a80 (12 bytes)
1705323363.810620 sending message 112 to peer 0x562e1cb22a80 (11 bytes)
1705323363.810623 sending message 112 to peer 0x562e1cb22a80 (12 bytes)
1705323363.810626 sending message 112 to peer 0x562e1cb22a80 (12 bytes)
1705323363.810629 sending message 112 to peer 0x562e1cb22a80 (13 bytes)
1705323363.810632 sending message 112 to peer 0x562e1cb22a80 (13 bytes)
1705323363.810636 sending message 112 to peer 0x562e1cb22a80 (13 bytes)
1705323363.810639 sending message 112 to peer 0x562e1cb22a80 (13 bytes)
1705323363.810642 sending message 112 to peer 0x562e1cb22a80 (13 bytes)
1705323363.810645 sending message 112 to peer 0x562e1cb22a80 (10 bytes)
1705323363.810648 sending message 112 to peer 0x562e1cb22a80 (9 bytes)
1705323363.810651 sending message 112 to peer 0x562e1cb22a80 (12 bytes)
1705323363.810655 sending message 112 to peer 0x562e1cb22a80 (13 bytes)
1705323363.810658 sending message 112 to peer 0x562e1cb22a80 (13 bytes)
1705323363.810661 sending message 112 to peer 0x562e1cb22a80 (13 bytes)
1705323363.810668 sending message 112 to peer 0x562e1cb22a80 (13 bytes)
1705323363.810671 sending message 112 to peer 0x562e1cb22a80 (13 bytes)
1705323363.810674 sending message 112 to peer 0x562e1cb22a80 (9 bytes)
1705323363.810677 sending message 112 to peer 0x562e1cb22a80 (12 bytes)
1705323363.810681 sending message 112 to peer 0x562e1cb22a80 (13 bytes)
1705323363.810684 sending message 112 to peer 0x562e1cb22a80 (13 bytes)
1705323363.810687 sending message 112 to peer 0x562e1cb22a80 (13 bytes)
1705323363.810690 sending message 112 to peer 0x562e1cb22a80 (13 bytes)
1705323363.810693 sending message 112 to peer 0x562e1cb22a80 (13 bytes)
1705323363.810696 sending message 112 to peer 0x562e1cb22a80 (11 bytes)
1705323363.810700 sending message 112 to peer 0x562e1cb22a80 (12 bytes)
1705323363.810703 sending message 112 to peer 0x562e1cb22a80 (13 bytes)
1705323363.810706 sending message 112 to peer 0x562e1cb22a80 (13 bytes)
1705323363.810713 sending message 112 to peer 0x562e1cb22a80 (13 bytes)
1705323363.810716 sending message 112 to peer 0x562e1cb22a80 (13 bytes)
1705323363.810719 sending message 112 to peer 0x562e1cb22a80 (13 bytes)
1705323363.810722 sending message 112 to peer 0x562e1cb22a80 (11 bytes)
1705323363.810725 sending message 112 to peer 0x562e1cb22a80 (12 bytes)
1705323363.810728 sending message 112 to peer 0x562e1cb22a80 (12 bytes)
1705323363.810731 sending message 112 to peer 0x562e1cb22a80 (12 bytes)
1705323363.810734 sending message 112 to peer 0x562e1cb22a80 (12 bytes)
1705323363.810737 sending message 112 to peer 0x562e1cb22a80 (12 bytes)
1705323363.810741 sending message 112 to peer 0x562e1cb22a80 (21 bytes)
1705323363.810744 sending message 112 to peer 0x562e1cb22a80 (12 bytes)
1705323363.810747 sending message 112 to peer 0x562e1cb22a80 (9 bytes)
1705323363.810750 sending message 112 to peer 0x562e1cb22a80 (6 bytes)
1705323363.810753 sending message 112 to peer 0x562e1cb22a80 (13 bytes)
1705323363.810756 sending message 112 to peer 0x562e1cb22a80 (10 bytes)
1705323363.810759 sending message 112 to peer 0x562e1cb22a80 (24 bytes)
1705323363.810764 sending message 112 to peer 0x562e1cb22a80 (13 bytes)
1705323363.810767 sending message 112 to peer 0x562e1cb22a80 (9 bytes)
1705323363.810770 sending message 112 to peer 0x562e1cb22a80 (70 bytes)
1705323363.810773 sending message 112 to peer 0x562e1cb22a80 (69 bytes)
1705323363.810776 sending message 112 to peer 0x562e1cb22a80 (12 bytes)
1705323363.810780 sending message 112 to peer 0x562e1cb22a80 (10 bytes)
1705323363.810783 sending message 112 to peer 0x562e1cb22a80 (10 bytes)
1705323363.810786 sending message 112 to peer 0x562e1cb22a80 (24 bytes)
1705323363.810789 sending message 112 to peer 0x562e1cb22a80 (13 bytes)
1705323363.810792 sending message 112 to peer 0x562e1cb22a80 (10 bytes)
1705323363.810795 sending message 112 to peer 0x562e1cb22a80 (10 bytes)
1705323363.810798 sending message 112 to peer 0x562e1cb22a80 (10 bytes)
1705323363.810801 sending message 112 to peer 0x562e1cb22a80 (13 bytes)
1705323363.810804 sending message 112 to peer 0x562e1cb22a80 (15 bytes)
1705323363.810807 sending message 112 to peer 0x562e1cb22a80 (5 bytes)
1705323363.810811 sending message 104 to peer 0x562e1cb22a80 (0 bytes)
1705323363.810816 sending message 110 to peer 0x562e1cb22a80 (0 bytes)
1705323363.810820 sending message 107 to peer 0x562e1cb22a80 (4 bytes)
1705323363.810823 sending message 105 to peer 0x562e1cb22a80 (22 bytes)
1705323363.810826 sending message 105 to peer 0x562e1cb22a80 (41 bytes)
1705323363.810829 sending message 105 to peer 0x562e1cb22a80 (86 bytes)
1705323363.810833 sending message 105 to peer 0x562e1cb22a80 (86 bytes)
1705323363.810836 sending message 105 to peer 0x562e1cb22a80 (17 bytes)
1705323363.810839 sending message 105 to peer 0x562e1cb22a80 (33 bytes)
1705323363.810842 sending message 105 to peer 0x562e1cb22a80 (32 bytes)
1705323363.810845 sending message 105 to peer 0x562e1cb22a80 (30 bytes)
1705323363.810848 sending message 105 to peer 0x562e1cb22a80 (51 bytes)
1705323363.810851 sending message 105 to peer 0x562e1cb22a80 (68 bytes)
1705323363.810858 sending message 105 to peer 0x562e1cb22a80 (18 bytes)
1705323363.810861 sending message 105 to peer 0x562e1cb22a80 (52 bytes)
1705323363.810865 sending message 105 to peer 0x562e1cb22a80 (14 bytes)
1705323363.810869 sending message 105 to peer 0x562e1cb22a80 (23 bytes)
1705323363.810873 sending message 105 to peer 0x562e1cb22a80 (23 bytes)
1705323363.810876 sending message 105 to peer 0x562e1cb22a80 (27 bytes)
1705323363.810879 sending message 105 to peer 0x562e1cb22a80 (20 bytes)
1705323363.810882 sending message 105 to peer 0x562e1cb22a80 (75 bytes)
1705323363.810885 sending message 105 to peer 0x562e1cb22a80 (18 bytes)
1705323363.810888 sending message 105 to peer 0x562e1cb22a80 (54 bytes)
1705323363.810891 sending message 105 to peer 0x562e1cb22a80 (23 bytes)
1705323363.810894 sending message 105 to peer 0x562e1cb22a80 (33 bytes)
1705323363.810897 sending message 105 to peer 0x562e1cb22a80 (16 bytes)
1705323363.810901 sending message 105 to peer 0x562e1cb22a80 (28 bytes)
1705323363.810904 sending message 105 to peer 0x562e1cb22a80 (45 bytes)
1705323363.810907 sending message 105 to peer 0x562e1cb22a80 (27 bytes)
1705323363.810910 sending message 105 to peer 0x562e1cb22a80 (17 bytes)
1705323363.810913 sending message 105 to peer 0x562e1cb22a80 (13 bytes)
1705323363.810916 sending message 105 to peer 0x562e1cb22a80 (44 bytes)
1705323363.810921 sending message 105 to peer 0x562e1cb22a80 (54 bytes)
1705323363.810924 sending message 105 to peer 0x562e1cb22a80 (20 bytes)
1705323363.810928 sending message 105 to peer 0x562e1cb22a80 (183 bytes)
1705323363.810931 sending message 105 to peer 0x562e1cb22a80 (19 bytes)
1705323363.810934 sending message 105 to peer 0x562e1cb22a80 (30 bytes)
1705323363.810937 sending message 105 to peer 0x562e1cb22a80 (17 bytes)
1705323363.810940 sending message 105 to peer 0x562e1cb22a80 (169 bytes)
1705323363.810943 sending message 105 to peer 0x562e1cb22a80 (21 bytes)
1705323363.810947 sending message 105 to peer 0x562e1cb22a80 (20 bytes)
1705323363.810950 sending message 105 to peer 0x562e1cb22a80 (31 bytes)
1705323363.810953 sending message 105 to peer 0x562e1cb22a80 (21 bytes)
1705323363.810956 sending message 105 to peer 0x562e1cb22a80 (63 bytes)
1705323363.810959 sending message 105 to peer 0x562e1cb22a80 (25 bytes)
1705323363.810964 sending message 105 to peer 0x562e1cb22a80 (24 bytes)
1705323363.810967 sending message 105 to peer 0x562e1cb22a80 (18 bytes)
1705323363.810970 sending message 105 to peer 0x562e1cb22a80 (32 bytes)
1705323363.810973 sending message 105 to peer 0x562e1cb22a80 (20 bytes)
1705323363.810976 sending message 105 to peer 0x562e1cb22a80 (19 bytes)
1705323363.810979 sending message 105 to peer 0x562e1cb22a80 (41 bytes)
1705323363.810983 sending message 105 to peer 0x562e1cb22a80 (20 bytes)
1705323363.810986 sending message 105 to peer 0x562e1cb22a80 (23 bytes)
1705323363.810989 sending message 105 to peer 0x562e1cb22a80 (20 bytes)
1705323363.810992 sending message 105 to peer 0x562e1cb22a80 (23 bytes)
1705323363.810995 sending message 105 to peer 0x562e1cb22a80 (11 bytes)
1705323363.810998 sending message 105 to peer 0x562e1cb22a80 (18 bytes)
1705323363.811001 sending message 105 to peer 0x562e1cb22a80 (8 bytes)
1705323363.811004 sending message 105 to peer 0x562e1cb22a80 (30 bytes)
1705323363.811007 sending message 105 to peer 0x562e1cb22a80 (30 bytes)
1705323363.811011 sending message 105 to peer 0x562e1cb22a80 (11 bytes)
1705323363.811016 sending message 105 to peer 0x562e1cb22a80 (8 bytes)
1705323363.811019 sending message 105 to peer 0x562e1cb22a80 (32 bytes)
1705323363.811022 sending message 105 to peer 0x562e1cb22a80 (1519 bytes)
1705323363.811035 sending message 105 to peer 0x562e1cb22a80 (10 bytes)
1705323363.811039 sending message 105 to peer 0x562e1cb22a80 (24 bytes)
1705323363.811042 sending message 105 to peer 0x562e1cb22a80 (12 bytes)
1705323363.811045 sending message 105 to peer 0x562e1cb22a80 (12 bytes)
1705323363.811048 sending message 105 to peer 0x562e1cb22a80 (20 bytes)
1705323363.811055 sending message 106 to peer 0x562e1cb22a80 (0 bytes)
1705323363.811061 sending message 200 to peer 0x562e1cb22a80 (4 bytes)
1705323363.811064 client loop enter
1705323363.811094 client_signal: Child exited
1705323363.855320 peer 0x562e1cb22a80 message 207
1705323363.855330 sending message 208 to peer 0x562e1cb22a80 (0 bytes)
1705323366.645980 peer 0x562e1cb22a80 message 203
1705323366.645994 sending message 205 to peer 0x562e1cb22a80 (0 bytes)
1705323366.646241 peer 0x562e1cb22a80 message 204
1705323366.646249 client loop exit
